2026-04-10 16:22:08.046 INFO  [main] o.e.c.CinemaBookingApplication - Starting CinemaBookingApplication v0.0.1-SNAPSHOT using Java 21.0.10 with PID 1 (/app/app.jar started by root in /app)
2026-04-10 16:22:08.052 INFO  [main] o.e.c.CinemaBookingApplication - The following 1 profile is active: "dev"
2026-04-10 16:22:10.138 INFO  [main] o.s.d.r.c.RepositoryConfigurationDelegate - Multiple Spring Data modules found, entering strict repository configuration mode
2026-04-10 16:22:10.142 INFO  [main] o.s.d.r.c.RepositoryConfigurationDelegate - Bootstrapping Spring Data JPA repositories in DEFAULT mode.
2026-04-10 16:22:10.540 INFO  [main] o.s.d.r.c.RepositoryConfigurationDelegate - Finished Spring Data repository scanning in 388 ms. Found 23 JPA repository interfaces.
2026-04-10 16:22:10.565 INFO  [main] o.s.d.r.c.RepositoryConfigurationDelegate - Multiple Spring Data modules found, entering strict repository configuration mode
2026-04-10 16:22:10.569 INFO  [main] o.s.d.r.c.RepositoryConfigurationDelegate - Bootstrapping Spring Data Redis repositories in DEFAULT mode.
2026-04-10 16:22:10.593 INFO  [main] o.s.d.r.c.RepositoryConfigurationExtensionSupport - Spring Data Redis - Could not safely identify store assignment for repository candidate interface org.example.cinemaBooking.Repository.BookingRepository; If you want this repository to be a Redis repository, consider annotating your entities with one of these annotations: org.springframework.data.redis.core.RedisHash (preferred), or consider extending one of the following types with your repository: org.springframework.data.keyvalue.repository.KeyValueRepository
2026-04-10 16:22:10.595 INFO  [main] o.s.d.r.c.RepositoryConfigurationExtensionSupport - Spring Data Redis - Could not safely identify store assignment for repository candidate interface org.example.cinemaBooking.Repository.CategoryRepository; If you want this repository to be a Redis repository, consider annotating your entities with one of these annotations: org.springframework.data.redis.core.RedisHash (preferred), or consider extending one of the following types with your repository: org.springframework.data.keyvalue.repository.KeyValueRepository
2026-04-10 16:22:10.596 INFO  [main] o.s.d.r.c.RepositoryConfigurationExtensionSupport - Spring Data Redis - Could not safely identify store assignment for repository candidate interface org.example.cinemaBooking.Repository.CinemaRepository; If you want this repository to be a Redis repository, consider annotating your entities with one of these annotations: org.springframework.data.redis.core.RedisHash (preferred), or consider extending one of the following types with your repository: org.springframework.data.keyvalue.repository.KeyValueRepository
2026-04-10 16:22:10.601 INFO  [main] o.s.d.r.c.RepositoryConfigurationExtensionSupport - Spring Data Redis - Could not safely identify store assignment for repository candidate interface org.example.cinemaBooking.Repository.ComboItemRepository; If you want this repository to be a Redis repository, consider annotating your entities with one of these annotations: org.springframework.data.redis.core.RedisHash (preferred), or consider extending one of the following types with your repository: org.springframework.data.keyvalue.repository.KeyValueRepository
2026-04-10 16:22:10.603 INFO  [main] o.s.d.r.c.RepositoryConfigurationExtensionSupport - Spring Data Redis - Could not safely identify store assignment for repository candidate interface org.example.cinemaBooking.Repository.ComboRepository; If you want this repository to be a Redis repository, consider annotating your entities with one of these annotations: org.springframework.data.redis.core.RedisHash (preferred), or consider extending one of the following types with your repository: org.springframework.data.keyvalue.repository.KeyValueRepository
2026-04-10 16:22:10.604 INFO  [main] o.s.d.r.c.RepositoryConfigurationExtensionSupport - Spring Data Redis - Could not safely identify store assignment for repository candidate interface org.example.cinemaBooking.Repository.MovieImageRepository; If you want this repository to be a Redis repository, consider annotating your entities with one of these annotations: org.springframework.data.redis.core.RedisHash (preferred), or consider extending one of the following types with your repository: org.springframework.data.keyvalue.repository.KeyValueRepository
2026-04-10 16:22:10.605 INFO  [main] o.s.d.r.c.RepositoryConfigurationExtensionSupport - Spring Data Redis - Could not safely identify store assignment for repository candidate interface org.example.cinemaBooking.Repository.MoviePeopleRepository; If you want this repository to be a Redis repository, consider annotating your entities with one of these annotations: org.springframework.data.redis.core.RedisHash (preferred), or consider extending one of the following types with your repository: org.springframework.data.keyvalue.repository.KeyValueRepository
2026-04-10 16:22:10.607 INFO  [main] o.s.d.r.c.RepositoryConfigurationExtensionSupport - Spring Data Redis - Could not safely identify store assignment for repository candidate interface org.example.cinemaBooking.Repository.MovieRepository; If you want this repository to be a Redis repository, consider annotating your entities with one of these annotations: org.springframework.data.redis.core.RedisHash (preferred), or consider extending one of the following types with your repository: org.springframework.data.keyvalue.repository.KeyValueRepository
2026-04-10 16:22:10.608 INFO  [main] o.s.d.r.c.RepositoryConfigurationExtensionSupport - Spring Data Redis - Could not safely identify store assignment for repository candidate interface org.example.cinemaBooking.Repository.NotificationRepository; If you want this repository to be a Redis repository, consider annotating your entities with one of these annotations: org.springframework.data.redis.core.RedisHash (preferred), or consider extending one of the following types with your repository: org.springframework.data.keyvalue.repository.KeyValueRepository
2026-04-10 16:22:10.609 INFO  [main] o.s.d.r.c.RepositoryConfigurationExtensionSupport - Spring Data Redis - Could not safely identify store assignment for repository candidate interface org.example.cinemaBooking.Repository.PaymentRepository; If you want this repository to be a Redis repository, consider annotating your entities with one of these annotations: org.springframework.data.redis.core.RedisHash (preferred), or consider extending one of the following types with your repository: org.springframework.data.keyvalue.repository.KeyValueRepository
2026-04-10 16:22:10.611 INFO  [main] o.s.d.r.c.RepositoryConfigurationExtensionSupport - Spring Data Redis - Could not safely identify store assignment for repository candidate interface org.example.cinemaBooking.Repository.PeopleRepository; If you want this repository to be a Redis repository, consider annotating your entities with one of these annotations: org.springframework.data.redis.core.RedisHash (preferred), or consider extending one of the following types with your repository: org.springframework.data.keyvalue.repository.KeyValueRepository
2026-04-10 16:22:10.612 INFO  [main] o.s.d.r.c.RepositoryConfigurationExtensionSupport - Spring Data Redis - Could not safely identify store assignment for repository candidate interface org.example.cinemaBooking.Repository.ProductRepository; If you want this repository to be a Redis repository, consider annotating your entities with one of these annotations: org.springframework.data.redis.core.RedisHash (preferred), or consider extending one of the following types with your repository: org.springframework.data.keyvalue.repository.KeyValueRepository
2026-04-10 16:22:10.615 INFO  [main] o.s.d.r.c.RepositoryConfigurationExtensionSupport - Spring Data Redis - Could not safely identify store assignment for repository candidate interface org.example.cinemaBooking.Repository.PromotionRepository; If you want this repository to be a Redis repository, consider annotating your entities with one of these annotations: org.springframework.data.redis.core.RedisHash (preferred), or consider extending one of the following types with your repository: org.springframework.data.keyvalue.repository.KeyValueRepository
2026-04-10 16:22:10.617 INFO  [main] o.s.d.r.c.RepositoryConfigurationExtensionSupport - Spring Data Redis - Could not safely identify store assignment for repository candidate interface org.example.cinemaBooking.Repository.ReviewRepository; If you want this repository to be a Redis repository, consider annotating your entities with one of these annotations: org.springframework.data.redis.core.RedisHash (preferred), or consider extending one of the following types with your repository: org.springframework.data.keyvalue.repository.KeyValueRepository
2026-04-10 16:22:10.619 INFO  [main] o.s.d.r.c.RepositoryConfigurationExtensionSupport - Spring Data Redis - Could not safely identify store assignment for repository candidate interface org.example.cinemaBooking.Repository.RoleRepository; If you want this repository to be a Redis repository, consider annotating your entities with one of these annotations: org.springframework.data.redis.core.RedisHash (preferred), or consider extending one of the following types with your repository: org.springframework.data.keyvalue.repository.KeyValueRepository
2026-04-10 16:22:10.620 INFO  [main] o.s.d.r.c.RepositoryConfigurationExtensionSupport - Spring Data Redis - Could not safely identify store assignment for repository candidate interface org.example.cinemaBooking.Repository.RoomRepository; If you want this repository to be a Redis repository, consider annotating your entities with one of these annotations: org.springframework.data.redis.core.RedisHash (preferred), or consider extending one of the following types with your repository: org.springframework.data.keyvalue.repository.KeyValueRepository
2026-04-10 16:22:10.621 INFO  [main] o.s.d.r.c.RepositoryConfigurationExtensionSupport - Spring Data Redis - Could not safely identify store assignment for repository candidate interface org.example.cinemaBooking.Repository.SeatRepository; If you want this repository to be a Redis repository, consider annotating your entities with one of these annotations: org.springframework.data.redis.core.RedisHash (preferred), or consider extending one of the following types with your repository: org.springframework.data.keyvalue.repository.KeyValueRepository
2026-04-10 16:22:10.622 INFO  [main] o.s.d.r.c.RepositoryConfigurationExtensionSupport - Spring Data Redis - Could not safely identify store assignment for repository candidate interface org.example.cinemaBooking.Repository.SeatTypeRepository; If you want this repository to be a Redis repository, consider annotating your entities with one of these annotations: org.springframework.data.redis.core.RedisHash (preferred), or consider extending one of the following types with your repository: org.springframework.data.keyvalue.repository.KeyValueRepository
2026-04-10 16:22:10.623 INFO  [main] o.s.d.r.c.RepositoryConfigurationExtensionSupport - Spring Data Redis - Could not safely identify store assignment for repository candidate interface org.example.cinemaBooking.Repository.ShowtimeRepository; If you want this repository to be a Redis repository, consider annotating your entities with one of these annotations: org.springframework.data.redis.core.RedisHash (preferred), or consider extending one of the following types with your repository: org.springframework.data.keyvalue.repository.KeyValueRepository
2026-04-10 16:22:10.625 INFO  [main] o.s.d.r.c.RepositoryConfigurationExtensionSupport - Spring Data Redis - Could not safely identify store assignment for repository candidate interface org.example.cinemaBooking.Repository.ShowtimeSeatRepository; If you want this repository to be a Redis repository, consider annotating your entities with one of these annotations: org.springframework.data.redis.core.RedisHash (preferred), or consider extending one of the following types with your repository: org.springframework.data.keyvalue.repository.KeyValueRepository
2026-04-10 16:22:10.626 INFO  [main] o.s.d.r.c.RepositoryConfigurationExtensionSupport - Spring Data Redis - Could not safely identify store assignment for repository candidate interface org.example.cinemaBooking.Repository.TicketRepository; If you want this repository to be a Redis repository, consider annotating your entities with one of these annotations: org.springframework.data.redis.core.RedisHash (preferred), or consider extending one of the following types with your repository: org.springframework.data.keyvalue.repository.KeyValueRepository
2026-04-10 16:22:10.627 INFO  [main] o.s.d.r.c.RepositoryConfigurationExtensionSupport - Spring Data Redis - Could not safely identify store assignment for repository candidate interface org.example.cinemaBooking.Repository.UsedPromotionRepository; If you want this repository to be a Redis repository, consider annotating your entities with one of these annotations: org.springframework.data.redis.core.RedisHash (preferred), or consider extending one of the following types with your repository: org.springframework.data.keyvalue.repository.KeyValueRepository
2026-04-10 16:22:10.629 INFO  [main] o.s.d.r.c.RepositoryConfigurationExtensionSupport - Spring Data Redis - Could not safely identify store assignment for repository candidate interface org.example.cinemaBooking.Repository.UserRepository; If you want this repository to be a Redis repository, consider annotating your entities with one of these annotations: org.springframework.data.redis.core.RedisHash (preferred), or consider extending one of the following types with your repository: org.springframework.data.keyvalue.repository.KeyValueRepository
2026-04-10 16:22:10.629 INFO  [main] o.s.d.r.c.RepositoryConfigurationDelegate - Finished Spring Data repository scanning in 49 ms. Found 0 Redis repository interfaces.
2026-04-10 16:22:11.990 INFO  [main] o.s.b.w.e.tomcat.TomcatWebServer - Tomcat initialized with port 8081 (http)
2026-04-10 16:22:12.025 INFO  [main] o.a.coyote.http11.Http11NioProtocol - Initializing ProtocolHandler ["http-nio-8081"]
2026-04-10 16:22:12.029 INFO  [main] o.a.catalina.core.StandardService - Starting service [Tomcat]
2026-04-10 16:22:12.030 INFO  [main] o.a.catalina.core.StandardEngine - Starting Servlet engine: [Apache Tomcat/10.1.31]
2026-04-10 16:22:12.072 INFO  [main] o.a.c.c.C.[Tomcat].[localhost].[/] - Initializing Spring embedded WebApplicationContext
2026-04-10 16:22:12.074 INFO  [main] o.s.b.w.s.c.ServletWebServerApplicationContext - Root WebApplicationContext: initialization completed in 3923 ms
2026-04-10 16:22:13.232 INFO  [main] o.s.o.j.p.SpringPersistenceUnitInfo - No LoadTimeWeaver setup: ignoring JPA class transformer
2026-04-10 16:22:13.277 INFO  [main] com.zaxxer.hikari.HikariDataSource - HikariPool-1 - Starting...
2026-04-10 16:22:13.764 INFO  [main] com.zaxxer.hikari.pool.HikariPool - HikariPool-1 - Added connection com.mysql.cj.jdbc.ConnectionImpl@373fb666
2026-04-10 16:22:13.769 INFO  [main] com.zaxxer.hikari.HikariDataSource - HikariPool-1 - Start completed.
2026-04-10 16:22:15.974 DEBUG [main] org.hibernate.SQL - 
    alter table booking 
       modify column status enum ('CANCELLED','CONFIRMED','EXPIRED','PENDING','REFUNDED') not null
2026-04-10 16:22:16.045 DEBUG [main] org.hibernate.SQL - 
    alter table booking_product 
       modify column item_type enum ('COMBO','PRODUCT') not null
2026-04-10 16:22:16.063 DEBUG [main] org.hibernate.SQL - 
    alter table combo 
       modify column description TEXT
2026-04-10 16:22:16.084 DEBUG [main] org.hibernate.SQL - 
    alter table movie 
       modify column description TEXT
2026-04-10 16:22:16.122 DEBUG [main] org.hibernate.SQL - 
    alter table notification 
       modify column body TEXT
2026-04-10 16:22:16.142 DEBUG [main] org.hibernate.SQL - 
    alter table promotion 
       modify column description TEXT
2026-04-10 16:22:16.166 DEBUG [main] org.hibernate.SQL - 
    alter table promotion 
       modify column discount_type enum ('FIXED','PERCENTAGE') not null
2026-04-10 16:22:16.188 DEBUG [main] org.hibernate.SQL - 
    alter table reviews 
       modify column comment TEXT
2026-04-10 16:22:16.209 DEBUG [main] org.hibernate.SQL - 
    alter table showtime_seat 
       modify column status enum ('AVAILABLE','BOOKED','LOCKED') not null
2026-04-10 16:22:16.228 DEBUG [main] org.hibernate.SQL - 
    alter table user_entity 
       modify column gender enum ('FEMALE','MALE','OTHER')
2026-04-10 16:22:16.605 INFO  [main] o.s.o.j.LocalContainerEntityManagerFactoryBean - Initialized JPA EntityManagerFactory for persistence unit 'default'
2026-04-10 16:22:17.120 INFO  [main] o.s.d.j.r.query.QueryEnhancerFactory - Hibernate is in classpath; If applicable, HQL parser will be used.
2026-04-10 16:22:20.738 INFO  [main] o.e.c.Config.ApplicationInitConfig - Initializing application.....
2026-04-10 16:22:21.017 WARN  [main] o.s.b.a.o.j.JpaBaseConfiguration$JpaWebConfiguration - spring.jpa.open-in-view is enabled by default. Therefore, database queries may be performed during view rendering. Explicitly configure spring.jpa.open-in-view to disable this warning
2026-04-10 16:22:21.947 INFO  [main] o.s.b.a.e.web.EndpointLinksResolver - Exposing 1 endpoint beneath base path '/actuator'
2026-04-10 16:22:23.340 INFO  [main] o.a.coyote.http11.Http11NioProtocol - Starting ProtocolHandler ["http-nio-8081"]
2026-04-10 16:22:23.365 INFO  [main] o.s.b.w.e.tomcat.TomcatWebServer - Tomcat started on port 8081 (http) with context path '/'
2026-04-10 16:22:23.398 INFO  [main] o.e.c.CinemaBookingApplication - Started CinemaBookingApplication in 16.706 seconds (process running for 17.365)
2026-04-10 16:22:23.648 DEBUG [main] org.hibernate.SQL - 
    select
        count(*) 
    from
        seat_type st1_0
2026-04-10 16:22:23.669 INFO  [main] o.e.c.Config.SeatTypeDataLoader - Seat types already exist, skipping...
2026-04-10 16:22:23.780 DEBUG [main] org.hibernate.SQL - 
    select
        ue1_0.id,
        ue1_0.avatar_url,
        ue1_0.created_at,
        ue1_0.created_by,
        ue1_0.deleted,
        ue1_0.deleted_at,
        ue1_0.dob,
        ue1_0.email,
        ue1_0.full_name,
        ue1_0.gender,
        ue1_0.password,
        ue1_0.phone,
        ue1_0.status,
        ue1_0.updated_at,
        ue1_0.updated_by,
        ue1_0.username,
        ue1_0.version 
    from
        user_entity ue1_0 
    where
        ue1_0.username=?
2026-04-10 16:22:23.830 INFO  [main] o.e.c.Config.ApplicationInitConfig - Application initialization completed .....
2026-04-10 16:22:28.415 DEBUG [scheduling-1] org.hibernate.SQL - 
    select
        s1_0.id,
        s1_0.available_seats,
        s1_0.base_price,
        s1_0.created_at,
        s1_0.created_by,
        s1_0.deleted,
        s1_0.deleted_at,
        s1_0.language,
        s1_0.movie_id,
        m1_0.id,
        m1_0.age_rating,
        m1_0.created_at,
        m1_0.created_by,
        m1_0.deleted,
        m1_0.deleted_at,
        m1_0.description,
        m1_0.duration,
        m1_0.language,
        m1_0.poster_url,
        m1_0.release_date,
        m1_0.slug,
        m1_0.status,
        m1_0.title,
        m1_0.trailer_url,
        m1_0.updated_at,
        m1_0.updated_by,
        m1_0.version,
        s1_0.room_id,
        s1_0.start_time,
        s1_0.status,
        s1_0.updated_at,
        s1_0.updated_by,
        s1_0.version 
    from
        showtime s1_0 
    join
        movie m1_0 
            on m1_0.id=s1_0.movie_id 
    where
        s1_0.status='ONGOING' 
        and s1_0.deleted_at is null
2026-04-10 16:22:56.758 DEBUG [scheduling-1] org.hibernate.SQL - 
    select
        s1_0.id,
        s1_0.available_seats,
        s1_0.base_price,
        s1_0.created_at,
        s1_0.created_by,
        s1_0.deleted,
        s1_0.deleted_at,
        s1_0.language,
        s1_0.movie_id,
        m1_0.id,
        m1_0.age_rating,
        m1_0.created_at,
        m1_0.created_by,
        m1_0.deleted,
        m1_0.deleted_at,
        m1_0.description,
        m1_0.duration,
        m1_0.language,
        m1_0.poster_url,
        m1_0.release_date,
        m1_0.slug,
        m1_0.status,
        m1_0.title,
        m1_0.trailer_url,
        m1_0.updated_at,
        m1_0.updated_by,
        m1_0.version,
        s1_0.room_id,
        s1_0.start_time,
        s1_0.status,
        s1_0.updated_at,
        s1_0.updated_by,
        s1_0.version 
    from
        showtime s1_0 
    join
        movie m1_0 
            on m1_0.id=s1_0.movie_id 
    where
        s1_0.status='SCHEDULED' 
        and s1_0.start_time<=? 
        and s1_0.deleted_at is null
2026-04-10 16:22:56.774 DEBUG [scheduling-1] org.hibernate.SQL - 
    select
        b1_0.id,
        b1_0.booking_code,
        b1_0.created_at,
        b1_0.created_by,
        b1_0.deleted,
        b1_0.deleted_at,
        b1_0.discount_amount,
        b1_0.expired_at,
        b1_0.final_price,
        b1_0.promotion_id,
        b1_0.showtime_id,
        b1_0.status,
        b1_0.total_price,
        b1_0.updated_at,
        b1_0.updated_by,
        b1_0.user_id,
        b1_0.version 
    from
        booking b1_0 
    where
        b1_0.status='PENDING' 
        and b1_0.expired_at<? 
        and b1_0.deleted_at is null
2026-04-10 16:22:56.781 DEBUG [scheduling-1] org.hibernate.SQL - 
    select
        distinct ss1_0.showtime_id 
    from
        showtime_seat ss1_0 
    where
        ss1_0.status='LOCKED' 
        and ss1_0.locked_until<? 
        and ss1_0.deleted_at is null
2026-04-10 16:23:26.738 DEBUG [scheduling-1] org.hibernate.SQL - 
    select
        s1_0.id,
        s1_0.available_seats,
        s1_0.base_price,
        s1_0.created_at,
        s1_0.created_by,
        s1_0.deleted,
        s1_0.deleted_at,
        s1_0.language,
        s1_0.movie_id,
        m1_0.id,
        m1_0.age_rating,
        m1_0.created_at,
        m1_0.created_by,
        m1_0.deleted,
        m1_0.deleted_at,
        m1_0.description,
        m1_0.duration,
        m1_0.language,
        m1_0.poster_url,
        m1_0.release_date,
        m1_0.slug,
        m1_0.status,
        m1_0.title,
        m1_0.trailer_url,
        m1_0.updated_at,
        m1_0.updated_by,
        m1_0.version,
        s1_0.room_id,
        s1_0.start_time,
        s1_0.status,
        s1_0.updated_at,
        s1_0.updated_by,
        s1_0.version 
    from
        showtime s1_0 
    join
        movie m1_0 
            on m1_0.id=s1_0.movie_id 
    where
        s1_0.status='ONGOING' 
        and s1_0.deleted_at is null
